{"C:\\Users\\User\\source\\Full Stack\\PostExe2\\src\\server.ts": {"path":"C:\\Users\\User\\source\\Full Stack\\PostExe2\\src\\server.ts","statementMap":{"0":{"start":{"line":1,"column":0},"end":{"line":1,"column":41}},"1":{"start":{"line":2,"column":12},"end":{"line":2,"column":21}},"2":{"start":{"line":3,"column":0},"end":{"line":3,"column":28}},"3":{"start":{"line":4,"column":0},"end":{"line":4,"column":16}},"4":{"start":{"line":5,"column":0},"end":{"line":5,"column":37}},"5":{"start":{"line":6,"column":0},"end":{"line":6,"column":44}},"6":{"start":{"line":9,"column":0},"end":{"line":9,"column":32}},"7":{"start":{"line":11,"column":12},"end":{"line":36,"column":1}},"8":{"start":{"line":12,"column":2},"end":{"line":35,"column":5}},"9":{"start":{"line":13,"column":15},"end":{"line":13,"column":34}},"10":{"start":{"line":14,"column":4},"end":{"line":14,"column":52}},"11":{"start":{"line":14,"column":30},"end":{"line":14,"column":50}},"12":{"start":{"line":15,"column":4},"end":{"line":15,"column":74}},"13":{"start":{"line":15,"column":26},"end":{"line":15,"column":72}},"14":{"start":{"line":16,"column":4},"end":{"line":34,"column":5}},"15":{"start":{"line":17,"column":6},"end":{"line":17,"column":51}},"16":{"start":{"line":20,"column":6},"end":{"line":32,"column":11}},"17":{"start":{"line":23,"column":10},"end":{"line":23,"column":37}},"18":{"start":{"line":24,"column":10},"end":{"line":24,"column":61}},"19":{"start":{"line":26,"column":10},"end":{"line":26,"column":34}},"20":{"start":{"line":27,"column":10},"end":{"line":27,"column":38}},"21":{"start":{"line":28,"column":10},"end":{"line":28,"column":23}},"22":{"start":{"line":31,"column":10},"end":{"line":31,"column":24}},"23":{"start":{"line":38,"column":0},"end":{"line":40,"column":3}},"24":{"start":{"line":39,"column":2},"end":{"line":39,"column":26}},"25":{"start":{"line":43,"column":0},"end":{"line":43,"column":19}}},"fnMap":{"0":{"name":"(anonymous_1)","decl":{"start":{"line":11,"column":12},"end":{"line":11,"column":32}},"loc":{"start":{"line":11,"column":34},"end":{"line":36,"column":1}}},"1":{"name":"(anonymous_2)","decl":{"start":{"line":12,"column":30},"end":{"line":12,"column":31}},"loc":{"start":{"line":12,"column":50},"end":{"line":35,"column":3}}},"2":{"name":"(anonymous_3)","decl":{"start":{"line":14,"column":19},"end":{"line":14,"column":20}},"loc":{"start":{"line":14,"column":30},"end":{"line":14,"column":50}}},"3":{"name":"(anonymous_4)","decl":{"start":{"line":15,"column":20},"end":{"line":15,"column":23}},"loc":{"start":{"line":15,"column":26},"end":{"line":15,"column":72}}},"4":{"name":"(anonymous_5)","decl":{"start":{"line":22,"column":14},"end":{"line":22,"column":17}},"loc":{"start":{"line":22,"column":19},"end":{"line":29,"column":9}}},"5":{"name":"(anonymous_6)","decl":{"start":{"line":30,"column":15},"end":{"line":30,"column":16}},"loc":{"start":{"line":30,"column":25},"end":{"line":32,"column":9}}},"6":{"name":"(anonymous_7)","decl":{"start":{"line":38,"column":18},"end":{"line":38,"column":19}},"loc":{"start":{"line":38,"column":31},"end":{"line":40,"column":1}}}},"branchMap":{"0":{"loc":{"start":{"line":16,"column":4},"end":{"line":34,"column":5}},"type":"if","locations":[{"start":{"line":16,"column":4},"end":{"line":34,"column":5}},{"start":{"line":18,"column":9},"end":{"line":34,"column":5}}]}},"s":{"0":1,"1":1,"2":1,"3":1,"4":1,"5":1,"6":1,"7":1,"8":1,"9":1,"10":1,"11":0,"12":1,"13":1,"14":1,"15":0,"16":1,"17":1,"18":1,"19":1,"20":1,"21":1,"22":0,"23":1,"24":0,"25":1},"f":{"0":1,"1":1,"2":0,"3":1,"4":1,"5":0,"6":0},"b":{"0":[0,1]}}
,"C:\\Users\\User\\source\\Full Stack\\PostExe2\\src\\controllers\\user-controllers.ts": {"path":"C:\\Users\\User\\source\\Full Stack\\PostExe2\\src\\controllers\\user-controllers.ts","statementMap":{"0":{"start":{"line":2,"column":0},"end":{"line":2,"column":40}},"1":{"start":{"line":7,"column":63},"end":{"line":7,"column":71}},"2":{"start":{"line":8,"column":4},"end":{"line":32,"column":5}},"3":{"start":{"line":9,"column":24},"end":{"line":9,"column":53}},"4":{"start":{"line":10,"column":6},"end":{"line":13,"column":7}},"5":{"start":{"line":11,"column":8},"end":{"line":11,"column":66}},"6":{"start":{"line":12,"column":8},"end":{"line":12,"column":15}},"7":{"start":{"line":14,"column":27},"end":{"line":14,"column":57}},"8":{"start":{"line":15,"column":6},"end":{"line":18,"column":5}},"9":{"start":{"line":16,"column":8},"end":{"line":16,"column":67}},"10":{"start":{"line":17,"column":8},"end":{"line":17,"column":15}},"11":{"start":{"line":19,"column":22},"end":{"line":25,"column":8}},"12":{"start":{"line":26,"column":6},"end":{"line":26,"column":27}},"13":{"start":{"line":27,"column":6},"end":{"line":29,"column":71}},"14":{"start":{"line":31,"column":6},"end":{"line":31,"column":47}},"15":{"start":{"line":37,"column":8},"end":{"line":53,"column":9}},"16":{"start":{"line":38,"column":38},"end":{"line":38,"column":46}},"17":{"start":{"line":39,"column":30},"end":{"line":39,"column":57}},"18":{"start":{"line":40,"column":12},"end":{"line":43,"column":13}},"19":{"start":{"line":41,"column":16},"end":{"line":41,"column":66}},"20":{"start":{"line":42,"column":16},"end":{"line":42,"column":23}},"21":{"start":{"line":44,"column":12},"end":{"line":47,"column":13}},"22":{"start":{"line":45,"column":16},"end":{"line":45,"column":73}},"23":{"start":{"line":46,"column":16},"end":{"line":46,"column":23}},"24":{"start":{"line":49,"column":12},"end":{"line":49,"column":82}},"25":{"start":{"line":52,"column":12},"end":{"line":52,"column":51}},"26":{"start":{"line":58,"column":8},"end":{"line":62,"column":9}},"27":{"start":{"line":59,"column":12},"end":{"line":59,"column":66}},"28":{"start":{"line":61,"column":12},"end":{"line":61,"column":51}},"29":{"start":{"line":66,"column":0},"end":{"line":66,"column":30}}},"fnMap":{"0":{"name":"(anonymous_8)","decl":{"start":{"line":6,"column":2},"end":{"line":6,"column":8}},"loc":{"start":{"line":6,"column":49},"end":{"line":33,"column":null}}},"1":{"name":"(anonymous_10)","decl":{"start":{"line":36,"column":4},"end":{"line":36,"column":10}},"loc":{"start":{"line":36,"column":50},"end":{"line":54,"column":null}}},"2":{"name":"(anonymous_12)","decl":{"start":{"line":57,"column":4},"end":{"line":57,"column":10}},"loc":{"start":{"line":57,"column":51},"end":{"line":63,"column":null}}}},"branchMap":{"0":{"loc":{"start":{"line":10,"column":6},"end":{"line":13,"column":7}},"type":"if","locations":[{"start":{"line":10,"column":6},"end":{"line":13,"column":7}}]},"1":{"loc":{"start":{"line":15,"column":6},"end":{"line":18,"column":5}},"type":"if","locations":[{"start":{"line":15,"column":6},"end":{"line":18,"column":5}}]},"2":{"loc":{"start":{"line":40,"column":12},"end":{"line":43,"column":13}},"type":"if","locations":[{"start":{"line":40,"column":12},"end":{"line":43,"column":13}}]},"3":{"loc":{"start":{"line":44,"column":12},"end":{"line":47,"column":13}},"type":"if","locations":[{"start":{"line":44,"column":12},"end":{"line":47,"column":13}}]}},"s":{"0":1,"1":4,"2":4,"3":4,"4":4,"5":1,"6":1,"7":3,"8":3,"9":2,"10":2,"11":1,"12":1,"13":1,"14":0,"15":3,"16":3,"17":3,"18":3,"19":1,"20":1,"21":2,"22":1,"23":1,"24":1,"25":0,"26":1,"27":1,"28":0,"29":1},"f":{"0":4,"1":3,"2":1},"b":{"0":[1],"1":[2],"2":[1],"3":[1]}}
,"C:\\Users\\User\\source\\Full Stack\\PostExe2\\src\\models\\user-model.ts": {"path":"C:\\Users\\User\\source\\Full Stack\\PostExe2\\src\\models\\user-model.ts","statementMap":{"0":{"start":{"line":1,"column":0},"end":{"line":1,"column":61}},"1":{"start":{"line":12,"column":34},"end":{"line":18,"column":2}},"2":{"start":{"line":20,"column":27},"end":{"line":20,"column":68}},"3":{"start":{"line":21,"column":0},"end":{"line":21,"column":20}}},"fnMap":{},"branchMap":{},"s":{"0":1,"1":1,"2":1,"3":1},"f":{},"b":{}}
,"C:\\Users\\User\\source\\Full Stack\\PostExe2\\src\\routes\\user-route.ts": {"path":"C:\\Users\\User\\source\\Full Stack\\PostExe2\\src\\routes\\user-route.ts","statementMap":{"0":{"start":{"line":1,"column":0},"end":{"line":1,"column":61}},"1":{"start":{"line":2,"column":0},"end":{"line":2,"column":61}},"2":{"start":{"line":3,"column":15},"end":{"line":3,"column":31}},"3":{"start":{"line":4,"column":0},"end":{"line":4,"column":42}},"4":{"start":{"line":7,"column":0},"end":{"line":20,"column":2}},"5":{"start":{"line":22,"column":0},"end":{"line":28,"column":2}},"6":{"start":{"line":30,"column":0},"end":{"line":30,"column":46}},"7":{"start":{"line":32,"column":0},"end":{"line":32,"column":22}}},"fnMap":{},"branchMap":{},"s":{"0":1,"1":1,"2":1,"3":1,"4":1,"5":1,"6":1,"7":1},"f":{},"b":{}}
}
