{"C:\\Users\\User\\source\\Full Stack\\PostExe2\\src\\server.ts": {"path":"C:\\Users\\User\\source\\Full Stack\\PostExe2\\src\\server.ts","statementMap":{"0":{"start":{"line":1,"column":0},"end":{"line":1,"column":41}},"1":{"start":{"line":2,"column":12},"end":{"line":2,"column":21}},"2":{"start":{"line":3,"column":0},"end":{"line":3,"column":28}},"3":{"start":{"line":4,"column":0},"end":{"line":4,"column":16}},"4":{"start":{"line":5,"column":0},"end":{"line":5,"column":37}},"5":{"start":{"line":6,"column":0},"end":{"line":6,"column":44}},"6":{"start":{"line":9,"column":0},"end":{"line":9,"column":32}},"7":{"start":{"line":11,"column":12},"end":{"line":36,"column":1}},"8":{"start":{"line":12,"column":2},"end":{"line":35,"column":5}},"9":{"start":{"line":13,"column":15},"end":{"line":13,"column":34}},"10":{"start":{"line":14,"column":4},"end":{"line":14,"column":52}},"11":{"start":{"line":14,"column":30},"end":{"line":14,"column":50}},"12":{"start":{"line":15,"column":4},"end":{"line":15,"column":74}},"13":{"start":{"line":15,"column":26},"end":{"line":15,"column":72}},"14":{"start":{"line":16,"column":4},"end":{"line":34,"column":5}},"15":{"start":{"line":17,"column":6},"end":{"line":17,"column":51}},"16":{"start":{"line":20,"column":6},"end":{"line":32,"column":11}},"17":{"start":{"line":23,"column":10},"end":{"line":23,"column":37}},"18":{"start":{"line":24,"column":10},"end":{"line":24,"column":61}},"19":{"start":{"line":26,"column":10},"end":{"line":26,"column":34}},"20":{"start":{"line":27,"column":10},"end":{"line":27,"column":38}},"21":{"start":{"line":28,"column":10},"end":{"line":28,"column":23}},"22":{"start":{"line":31,"column":10},"end":{"line":31,"column":24}},"23":{"start":{"line":38,"column":0},"end":{"line":40,"column":3}},"24":{"start":{"line":39,"column":2},"end":{"line":39,"column":26}},"25":{"start":{"line":43,"column":0},"end":{"line":43,"column":19}}},"fnMap":{"0":{"name":"(anonymous_1)","decl":{"start":{"line":11,"column":12},"end":{"line":11,"column":32}},"loc":{"start":{"line":11,"column":34},"end":{"line":36,"column":1}}},"1":{"name":"(anonymous_2)","decl":{"start":{"line":12,"column":30},"end":{"line":12,"column":31}},"loc":{"start":{"line":12,"column":50},"end":{"line":35,"column":3}}},"2":{"name":"(anonymous_3)","decl":{"start":{"line":14,"column":19},"end":{"line":14,"column":20}},"loc":{"start":{"line":14,"column":30},"end":{"line":14,"column":50}}},"3":{"name":"(anonymous_4)","decl":{"start":{"line":15,"column":20},"end":{"line":15,"column":23}},"loc":{"start":{"line":15,"column":26},"end":{"line":15,"column":72}}},"4":{"name":"(anonymous_5)","decl":{"start":{"line":22,"column":14},"end":{"line":22,"column":17}},"loc":{"start":{"line":22,"column":19},"end":{"line":29,"column":9}}},"5":{"name":"(anonymous_6)","decl":{"start":{"line":30,"column":15},"end":{"line":30,"column":16}},"loc":{"start":{"line":30,"column":25},"end":{"line":32,"column":9}}},"6":{"name":"(anonymous_7)","decl":{"start":{"line":38,"column":18},"end":{"line":38,"column":19}},"loc":{"start":{"line":38,"column":31},"end":{"line":40,"column":1}}}},"branchMap":{"0":{"loc":{"start":{"line":16,"column":4},"end":{"line":34,"column":5}},"type":"if","locations":[{"start":{"line":16,"column":4},"end":{"line":34,"column":5}},{"start":{"line":18,"column":9},"end":{"line":34,"column":5}}]}},"s":{"0":1,"1":1,"2":1,"3":1,"4":1,"5":1,"6":1,"7":1,"8":1,"9":1,"10":1,"11":0,"12":1,"13":1,"14":1,"15":0,"16":1,"17":1,"18":1,"19":1,"20":1,"21":1,"22":0,"23":1,"24":0,"25":1},"f":{"0":1,"1":1,"2":0,"3":1,"4":1,"5":0,"6":0},"b":{"0":[0,1]}}
,"C:\\Users\\User\\source\\Full Stack\\PostExe2\\src\\controllers\\user-controllers.ts": {"path":"C:\\Users\\User\\source\\Full Stack\\PostExe2\\src\\controllers\\user-controllers.ts","statementMap":{"0":{"start":{"line":2,"column":0},"end":{"line":2,"column":40}},"1":{"start":{"line":9,"column":63},"end":{"line":9,"column":71}},"2":{"start":{"line":10,"column":4},"end":{"line":29,"column":5}},"3":{"start":{"line":11,"column":25},"end":{"line":11,"column":54}},"4":{"start":{"line":12,"column":6},"end":{"line":15,"column":7}},"5":{"start":{"line":13,"column":8},"end":{"line":13,"column":65}},"6":{"start":{"line":14,"column":8},"end":{"line":14,"column":15}},"7":{"start":{"line":16,"column":22},"end":{"line":22,"column":8}},"8":{"start":{"line":23,"column":6},"end":{"line":23,"column":27}},"9":{"start":{"line":24,"column":6},"end":{"line":26,"column":71}},"10":{"start":{"line":28,"column":6},"end":{"line":28,"column":47}},"11":{"start":{"line":33,"column":0},"end":{"line":33,"column":30}}},"fnMap":{"0":{"name":"(anonymous_8)","decl":{"start":{"line":8,"column":2},"end":{"line":8,"column":8}},"loc":{"start":{"line":8,"column":49},"end":{"line":30,"column":null}}}},"branchMap":{"0":{"loc":{"start":{"line":12,"column":6},"end":{"line":15,"column":7}},"type":"if","locations":[{"start":{"line":12,"column":6},"end":{"line":15,"column":7}}]}},"s":{"0":1,"1":2,"2":2,"3":2,"4":2,"5":0,"6":0,"7":2,"8":2,"9":1,"10":1,"11":1},"f":{"0":2},"b":{"0":[0]}}
,"C:\\Users\\User\\source\\Full Stack\\PostExe2\\src\\models\\user-model.ts": {"path":"C:\\Users\\User\\source\\Full Stack\\PostExe2\\src\\models\\user-model.ts","statementMap":{"0":{"start":{"line":1,"column":0},"end":{"line":1,"column":61}},"1":{"start":{"line":12,"column":34},"end":{"line":18,"column":2}},"2":{"start":{"line":20,"column":27},"end":{"line":20,"column":68}},"3":{"start":{"line":21,"column":0},"end":{"line":21,"column":20}}},"fnMap":{},"branchMap":{},"s":{"0":1,"1":1,"2":1,"3":1},"f":{},"b":{}}
,"C:\\Users\\User\\source\\Full Stack\\PostExe2\\src\\routes\\user-route.ts": {"path":"C:\\Users\\User\\source\\Full Stack\\PostExe2\\src\\routes\\user-route.ts","statementMap":{"0":{"start":{"line":1,"column":0},"end":{"line":1,"column":61}},"1":{"start":{"line":2,"column":0},"end":{"line":2,"column":61}},"2":{"start":{"line":3,"column":15},"end":{"line":3,"column":31}},"3":{"start":{"line":4,"column":0},"end":{"line":4,"column":42}},"4":{"start":{"line":7,"column":0},"end":{"line":20,"column":2}},"5":{"start":{"line":22,"column":0},"end":{"line":22,"column":22}}},"fnMap":{},"branchMap":{},"s":{"0":1,"1":1,"2":1,"3":1,"4":1,"5":1},"f":{},"b":{}}
}
