TN:
SF:src\server.ts
FN:14,(anonymous_1)
FN:15,(anonymous_2)
FN:17,(anonymous_3)
FN:18,(anonymous_4)
FN:25,(anonymous_5)
FN:43,(anonymous_6)
FN:51,(anonymous_7)
FNF:7
FNH:4
FNDA:3,(anonymous_1)
FNDA:3,(anonymous_2)
FNDA:0,(anonymous_3)
FNDA:3,(anonymous_4)
FNDA:3,(anonymous_5)
FNDA:0,(anonymous_6)
FNDA:0,(anonymous_7)
DA:1,3
DA:2,3
DA:3,3
DA:4,3
DA:5,3
DA:6,3
DA:7,3
DA:8,3
DA:9,3
DA:12,3
DA:14,3
DA:15,3
DA:16,3
DA:17,3
DA:18,3
DA:19,3
DA:20,0
DA:23,3
DA:26,3
DA:27,3
DA:29,3
DA:30,3
DA:31,3
DA:32,3
DA:33,3
DA:41,3
DA:44,0
DA:51,3
DA:52,0
DA:56,3
LF:30
LH:27
BRDA:19,0,0,0
BRDA:19,0,1,3
BRF:2
BRH:1
end_of_record
TN:
SF:src\controllers\auth-controllers.ts
FN:8,(anonymous_8)
FN:23,(anonymous_10)
FN:38,(anonymous_12)
FN:62,(anonymous_14)
FN:101,(anonymous_16)
FN:151,(anonymous_18)
FN:158,(anonymous_20)
FN:158,(anonymous_21)
FN:199,(anonymous_22)
FN:208,(anonymous_24)
FN:208,(anonymous_25)
FN:243,(anonymous_26)
FN:253,(anonymous_27)
FNF:13
FNH:13
FNDA:1,(anonymous_8)
FNDA:2,(anonymous_10)
FNDA:3,(anonymous_12)
FNDA:5,(anonymous_14)
FNDA:5,(anonymous_16)
FNDA:2,(anonymous_18)
FNDA:2,(anonymous_20)
FNDA:2,(anonymous_21)
FNDA:2,(anonymous_22)
FNDA:2,(anonymous_24)
FNDA:2,(anonymous_25)
FNDA:11,(anonymous_26)
FNDA:10,(anonymous_27)
DA:2,3
DA:3,3
DA:4,3
DA:9,1
DA:10,1
DA:11,0
DA:12,0
DA:14,1
DA:15,1
DA:16,1
DA:18,0
DA:24,2
DA:25,2
DA:26,2
DA:27,2
DA:28,1
DA:29,1
DA:31,1
DA:34,0
DA:39,3
DA:40,3
DA:41,3
DA:42,3
DA:43,2
DA:44,0
DA:45,0
DA:47,2
DA:48,2
DA:49,2
DA:50,2
DA:51,2
DA:52,1
DA:53,1
DA:55,2
DA:56,1
DA:58,2
DA:63,5
DA:66,5
DA:67,5
DA:69,5
DA:71,1
DA:72,1
DA:74,4
DA:76,4
DA:77,2
DA:78,2
DA:80,2
DA:82,2
DA:84,2
DA:91,2
DA:92,2
DA:96,0
DA:102,5
DA:103,5
DA:104,5
DA:105,5
DA:106,5
DA:107,1
DA:108,1
DA:110,4
DA:111,4
DA:112,1
DA:113,1
DA:116,3
DA:118,3
DA:125,3
DA:131,3
DA:132,0
DA:134,3
DA:138,3
DA:141,3
DA:146,0
DA:147,0
DA:153,2
DA:154,2
DA:155,2
DA:158,2
DA:159,2
DA:160,1
DA:162,1
DA:163,1
DA:165,1
DA:166,0
DA:170,1
DA:177,1
DA:183,1
DA:184,1
DA:185,1
DA:188,1
DA:194,0
DA:195,0
DA:200,2
DA:201,2
DA:202,2
DA:205,2
DA:208,2
DA:209,2
DA:210,1
DA:213,1
DA:215,1
DA:217,1
DA:218,1
DA:219,0
DA:223,1
DA:224,1
DA:226,1
DA:228,0
DA:229,0
DA:234,0
DA:235,0
DA:243,3
DA:244,11
DA:245,11
DA:246,11
DA:247,1
DA:248,1
DA:251,10
DA:253,10
DA:254,10
DA:255,0
DA:256,0
DA:258,10
DA:259,10
DA:260,10
DA:268,3
LF:125
LH:105
BRDA:10,0,0,0
BRDA:27,1,0,1
BRDA:43,2,0,0
BRDA:51,3,0,1
BRDA:69,4,0,1
BRDA:76,5,0,2
BRDA:106,6,0,1
BRDA:111,7,0,1
BRDA:116,8,0,3
BRDA:116,8,1,0
BRDA:131,9,0,0
BRDA:131,9,1,3
BRDA:155,10,0,2
BRDA:155,10,1,2
BRDA:159,11,0,1
BRDA:165,12,0,0
BRDA:173,13,0,1
BRDA:173,13,1,0
BRDA:195,14,0,0
BRDA:195,14,1,0
BRDA:202,15,0,2
BRDA:202,15,1,2
BRDA:209,16,0,1
BRDA:218,17,0,0
BRDA:245,18,0,11
BRDA:245,18,1,10
BRDA:246,19,0,1
BRDA:251,20,0,10
BRDA:251,20,1,0
BRDA:254,21,0,0
BRF:30
BRH:19
end_of_record
TN:
SF:src\controllers\comment-controller.ts
FN:6,(anonymous_8)
FN:18,(anonymous_10)
FN:29,(anonymous_12)
FN:42,(anonymous_14)
FN:55,(anonymous_16)
FN:67,(anonymous_18)
FNF:6
FNH:6
FNDA:1,(anonymous_8)
FNDA:1,(anonymous_10)
FNDA:1,(anonymous_12)
FNDA:1,(anonymous_14)
FNDA:1,(anonymous_16)
FNDA:1,(anonymous_18)
DA:2,3
DA:7,1
DA:8,1
DA:9,1
DA:10,1
DA:11,1
DA:13,0
DA:14,0
DA:19,1
DA:20,1
DA:21,1
DA:22,1
DA:24,0
DA:25,0
DA:30,1
DA:31,1
DA:32,1
DA:33,1
DA:34,1
DA:36,0
DA:37,0
DA:43,1
DA:44,1
DA:45,1
DA:46,1
DA:48,0
DA:49,0
DA:56,1
DA:57,1
DA:58,1
DA:59,1
DA:60,1
DA:62,0
DA:63,0
DA:68,1
DA:69,1
DA:70,1
DA:71,1
DA:73,0
DA:74,0
DA:79,3
LF:41
LH:29
BRF:0
BRH:0
end_of_record
TN:
SF:src\controllers\post-controller.ts
FN:6,(anonymous_8)
FN:17,(anonymous_10)
FN:30,(anonymous_12)
FN:43,(anonymous_14)
FN:55,(anonymous_16)
FNF:5
FNH:5
FNDA:1,(anonymous_8)
FNDA:1,(anonymous_10)
FNDA:1,(anonymous_12)
FNDA:1,(anonymous_14)
FNDA:1,(anonymous_16)
DA:2,3
DA:7,1
DA:8,1
DA:9,1
DA:10,1
DA:12,0
DA:13,0
DA:18,1
DA:19,1
DA:20,1
DA:21,1
DA:22,1
DA:24,0
DA:25,0
DA:31,1
DA:32,1
DA:33,1
DA:34,1
DA:36,0
DA:37,0
DA:44,1
DA:45,1
DA:46,1
DA:47,1
DA:48,1
DA:50,0
DA:51,0
DA:56,1
DA:57,1
DA:58,1
DA:59,1
DA:61,0
DA:62,0
DA:67,3
LF:34
LH:24
BRF:0
BRH:0
end_of_record
TN:
SF:src\models\comment-model.ts
FNF:0
FNH:0
DA:1,3
DA:9,3
DA:15,3
DA:16,3
LF:4
LH:4
BRF:0
BRH:0
end_of_record
TN:
SF:src\models\post-model.ts
FNF:0
FNH:0
DA:1,3
DA:9,3
DA:21,3
DA:23,3
LF:4
LH:4
BRF:0
BRH:0
end_of_record
TN:
SF:src\models\user-model.ts
FNF:0
FNH:0
DA:1,3
DA:13,3
DA:22,3
DA:23,3
LF:4
LH:4
BRF:0
BRH:0
end_of_record
TN:
SF:src\routes\auth-route.ts
FNF:0
FNH:0
DA:1,3
DA:2,3
DA:3,3
DA:4,3
DA:6,3
DA:8,3
DA:10,3
DA:13,3
DA:28,3
DA:36,3
DA:41,3
DA:47,3
LF:12
LH:12
BRF:0
BRH:0
end_of_record
TN:
SF:src\routes\comment-route.ts
FNF:0
FNH:0
DA:1,3
DA:2,3
DA:3,3
DA:4,3
DA:6,3
DA:8,3
DA:10,3
DA:12,3
DA:14,3
DA:16,3
DA:20,3
LF:11
LH:11
BRF:0
BRH:0
end_of_record
TN:
SF:src\routes\post-route.ts
FNF:0
FNH:0
DA:1,3
DA:2,3
DA:3,3
DA:4,3
DA:6,3
DA:8,3
DA:10,3
DA:12,3
DA:14,3
DA:17,3
LF:10
LH:10
BRF:0
BRH:0
end_of_record
