TN:
SF:src\server.ts
FN:11,(anonymous_1)
FN:12,(anonymous_2)
FN:14,(anonymous_3)
FN:15,(anonymous_4)
FN:22,(anonymous_5)
FN:30,(anonymous_6)
FN:38,(anonymous_7)
FNF:7
FNH:4
FNDA:1,(anonymous_1)
FNDA:1,(anonymous_2)
FNDA:0,(anonymous_3)
FNDA:1,(anonymous_4)
FNDA:1,(anonymous_5)
FNDA:0,(anonymous_6)
FNDA:0,(anonymous_7)
DA:1,1
DA:2,1
DA:3,1
DA:4,1
DA:5,1
DA:6,1
DA:9,1
DA:11,1
DA:12,1
DA:13,1
DA:14,1
DA:15,1
DA:16,1
DA:17,0
DA:20,1
DA:23,1
DA:24,1
DA:26,1
DA:27,1
DA:28,1
DA:31,0
DA:38,1
DA:39,0
DA:43,1
LF:24
LH:21
BRDA:16,0,0,0
BRDA:16,0,1,1
BRF:2
BRH:1
end_of_record
TN:
SF:src\controllers\user-controllers.ts
FN:6,(anonymous_8)
FN:36,(anonymous_10)
FN:57,(anonymous_12)
FNF:3
FNH:3
FNDA:4,(anonymous_8)
FNDA:3,(anonymous_10)
FNDA:1,(anonymous_12)
DA:2,1
DA:7,4
DA:8,4
DA:9,4
DA:10,4
DA:11,1
DA:12,1
DA:14,3
DA:15,3
DA:16,2
DA:17,2
DA:19,1
DA:26,1
DA:27,1
DA:31,0
DA:37,3
DA:38,3
DA:39,3
DA:40,3
DA:41,1
DA:42,1
DA:44,2
DA:45,1
DA:46,1
DA:49,1
DA:52,0
DA:58,1
DA:59,1
DA:61,0
DA:66,1
LF:30
LH:27
BRDA:10,0,0,1
BRDA:15,1,0,2
BRDA:40,2,0,1
BRDA:44,3,0,1
BRF:4
BRH:4
end_of_record
TN:
SF:src\models\user-model.ts
FNF:0
FNH:0
DA:1,1
DA:12,1
DA:20,1
DA:21,1
LF:4
LH:4
BRF:0
BRH:0
end_of_record
TN:
SF:src\routes\user-route.ts
FNF:0
FNH:0
DA:1,1
DA:2,1
DA:3,1
DA:4,1
DA:7,1
DA:22,1
DA:30,1
DA:32,1
LF:8
LH:8
BRF:0
BRH:0
end_of_record
